<?xml version="1.0" encoding="UTF-8"?>
<!-- Generated by org.testng.reporters.JUnitXMLReporter -->
<testsuite ignored="0" hostname="bala-Lenovo-G50-70" failures="0" tests="7" name="Surefire test" time="15.984" errors="0" timestamp="2025-07-30T17:16:11 IST">
  <testcase classname="com.example.api.JsonPlaceholderTests" name="getInvalidEndpoint_shouldReturn404" time="3.933"/>
  <testcase classname="com.example.api.JsonPlaceholderTests" name="getPosts_shouldReturn200_andWithin2s_andMatchSchema" time="3.445"/>
  <testcase classname="com.example.api.JsonPlaceholderTests" name="postWithInvalidContentType_shouldReturn415_orIgnore" time="1.052"/>
  <testcase classname="com.example.api.JsonPlaceholderTests" name="createPost_shouldReturn201_andId" time="1.607"/>
  <testcase classname="com.example.api.JsonPlaceholderTests" name="putPost_shouldReturn200_andReplaceFields" time="1.284"/>
  <testcase classname="com.example.api.JsonPlaceholderTests" name="patchPost_shouldReturn200_andUpdatePartialField" time="1.194"/>
  <testcase classname="com.example.api.JsonPlaceholderTests" name="deletePost_shouldReturn200" time="1.129"/>
</testsuite> <!-- Surefire test -->
