<?xml version="1.0" encoding="UTF-8"?>
<testsuite xmlns:xsi="http://www.w3.org/2001/XMLSchema-instance" xsi:noNamespaceSchemaLocation="https://maven.apache.org/surefire/maven-surefire-plugin/xsd/surefire-test-report-3.0.xsd" version="3.0" name="com.example.api.JsonPlaceholderTests" time="18.029" tests="7" errors="0" skipped="0" failures="0">
  <properties>
[...]
</properties>
  <testcase name="getInvalidEndpoint_shouldReturn404" classname="com.example.api.JsonPlaceholderTests" time="3.948">
    <system-out><![CDATA[Request method:	GET
HTTP/1.1 404 Not Found
]]></system-out>
    <system-err><![CDATA[SLF4J: Failed to load class "org.slf4j.impl.StaticLoggerBinder".
SLF4J: Defaulting to no-operation (NOP) logger implementation
SLF4J: See http://www.slf4j.org/codes.html#StaticLoggerBinder for further details.
PERF WARNING: GET /does-not-exist took 2622 ms (>2000 ms)
]]></system-err>
  </testcase>
  <testcase name="getPosts_shouldReturn200_andWithin2s_andMatchSchema" classname="com.example.api.JsonPlaceholderTests" time="3.423">
    <system-out><![CDATA[Request method:	GET
HTTP/1.1 200 OK
]]></system-out>
  </testcase>
  <testcase name="postWithInvalidContentType_shouldReturn415_orIgnore" classname="com.example.api.JsonPlaceholderTests" time="1.056">
    <system-out><![CDATA[Request method:	POST
HTTP/1.1 201 Created
]]></system-out>
  </testcase>
  <testcase name="createPost_shouldReturn201_andId" classname="com.example.api.JsonPlaceholderTests" time="1.609">
    <system-out><![CDATA[Request method:	POST
HTTP/1.1 201 Created
]]></system-out>
  </testcase>
  <testcase name="putPost_shouldReturn200_andReplaceFields" classname="com.example.api.JsonPlaceholderTests" time="1.286">
    <system-out><![CDATA[Request method:	PUT
HTTP/1.1 200 OK
]]></system-out>
  </testcase>
  <testcase name="patchPost_shouldReturn200_andUpdatePartialField" classname="com.example.api.JsonPlaceholderTests" time="1.195">
    <system-out><![CDATA[Request method:	PATCH
HTTP/1.1 200 OK
]]></system-out>
  </testcase>
  <testcase name="deletePost_shouldReturn200" classname="com.example.api.JsonPlaceholderTests" time="1.125">
    <system-out><![CDATA[Request method:	DELETE
HTTP/1.1 200 OK
]]></system-out>
  </testcase>
</testsuite>